{"/project/workspace/src/App.tsx": {"path":"/project/workspace/src/App.tsx","all":false,"statementMap":{"0":{"start":{"line":1,"column":0},"end":{"line":1,"column":22}},"4":{"start":{"line":5,"column":0},"end":{"line":5,"column":31}},"5":{"start":{"line":6,"column":0},"end":{"line":6,"column":10}},"6":{"start":{"line":7,"column":0},"end":{"line":7,"column":86}},"7":{"start":{"line":8,"column":0},"end":{"line":8,"column":27}},"8":{"start":{"line":9,"column":0},"end":{"line":9,"column":17}},"9":{"start":{"line":10,"column":0},"end":{"line":10,"column":14}},"10":{"start":{"line":11,"column":0},"end":{"line":11,"column":10}},"12":{"start":{"line":13,"column":0},"end":{"line":13,"column":1}}},"s":{"0":1,"4":2,"5":2,"6":2,"7":2,"8":2,"9":2,"10":2,"12":2},"branchMap":{"0":{"type":"branch","line":5,"loc":{"start":{"line":5,"column":0},"end":{"line":13,"column":1}},"locations":[{"start":{"line":5,"column":0},"end":{"line":13,"column":1}}]}},"b":{"0":[2]},"fnMap":{"0":{"name":"App","decl":{"start":{"line":5,"column":0},"end":{"line":13,"column":1}},"loc":{"start":{"line":5,"column":0},"end":{"line":13,"column":1}},"line":5}},"f":{"0":2}}
,"/project/workspace/src/components/Modal/Modal.tsx": {"path":"/project/workspace/src/components/Modal/Modal.tsx","all":false,"statementMap":{"0":{"start":{"line":1,"column":0},"end":{"line":1,"column":42}},"6":{"start":{"line":7,"column":0},"end":{"line":7,"column":64}},"8":{"start":{"line":9,"column":0},"end":{"line":9,"column":37}},"10":{"start":{"line":11,"column":0},"end":{"line":11,"column":11}},"11":{"start":{"line":12,"column":0},"end":{"line":12,"column":87}},"12":{"start":{"line":13,"column":0},"end":{"line":13,"column":18}},"13":{"start":{"line":14,"column":0},"end":{"line":14,"column":106}},"14":{"start":{"line":15,"column":0},"end":{"line":15,"column":37}},"15":{"start":{"line":16,"column":0},"end":{"line":16,"column":22}},"17":{"start":{"line":18,"column":0},"end":{"line":18,"column":63}},"18":{"start":{"line":19,"column":0},"end":{"line":19,"column":22}},"19":{"start":{"line":20,"column":0},"end":{"line":20,"column":19}},"20":{"start":{"line":21,"column":0},"end":{"line":21,"column":12}},"22":{"start":{"line":23,"column":0},"end":{"line":23,"column":1}}},"s":{"0":1,"6":1,"8":6,"10":6,"11":6,"12":6,"13":4,"14":4,"15":4,"17":6,"18":6,"19":6,"20":6,"22":6},"branchMap":{"0":{"type":"branch","line":7,"loc":{"start":{"line":7,"column":21},"end":{"line":23,"column":1}},"locations":[{"start":{"line":7,"column":21},"end":{"line":23,"column":1}}]},"1":{"type":"branch","line":13,"loc":{"start":{"line":13,"column":10},"end":{"line":16,"column":22}},"locations":[{"start":{"line":13,"column":10},"end":{"line":16,"column":22}}]}},"b":{"0":[6],"1":[4]},"fnMap":{"0":{"name":"Modal","decl":{"start":{"line":7,"column":21},"end":{"line":23,"column":1}},"loc":{"start":{"line":7,"column":21},"end":{"line":23,"column":1}},"line":7}},"f":{"0":6}}
,"/project/workspace/src/components/Timer/Timer.tsx": {"path":"/project/workspace/src/components/Timer/Timer.tsx","all":false,"statementMap":{"0":{"start":{"line":1,"column":0},"end":{"line":1,"column":57}},"5":{"start":{"line":6,"column":0},"end":{"line":6,"column":25}},"6":{"start":{"line":7,"column":0},"end":{"line":7,"column":57}},"7":{"start":{"line":8,"column":0},"end":{"line":8,"column":37}},"8":{"start":{"line":9,"column":0},"end":{"line":9,"column":32}},"9":{"start":{"line":10,"column":0},"end":{"line":10,"column":32}},"15":{"start":{"line":16,"column":0},"end":{"line":16,"column":53}},"16":{"start":{"line":17,"column":0},"end":{"line":17,"column":70}},"17":{"start":{"line":18,"column":0},"end":{"line":18,"column":72}},"18":{"start":{"line":19,"column":0},"end":{"line":19,"column":86}},"19":{"start":{"line":20,"column":0},"end":{"line":20,"column":86}},"20":{"start":{"line":21,"column":0},"end":{"line":21,"column":52}},"22":{"start":{"line":23,"column":0},"end":{"line":23,"column":46}},"24":{"start":{"line":25,"column":0},"end":{"line":25,"column":19}},"25":{"start":{"line":26,"column":0},"end":{"line":26,"column":25}},"27":{"start":{"line":28,"column":0},"end":{"line":28,"column":36}},"28":{"start":{"line":29,"column":0},"end":{"line":29,"column":43}},"29":{"start":{"line":30,"column":0},"end":{"line":30,"column":40}},"31":{"start":{"line":32,"column":0},"end":{"line":32,"column":62}},"32":{"start":{"line":33,"column":0},"end":{"line":33,"column":48}},"33":{"start":{"line":34,"column":0},"end":{"line":34,"column":48}},"34":{"start":{"line":35,"column":0},"end":{"line":35,"column":15}},"35":{"start":{"line":36,"column":0},"end":{"line":36,"column":32}},"36":{"start":{"line":37,"column":0},"end":{"line":37,"column":26}},"37":{"start":{"line":38,"column":0},"end":{"line":38,"column":34}},"38":{"start":{"line":39,"column":0},"end":{"line":39,"column":34}},"39":{"start":{"line":40,"column":0},"end":{"line":40,"column":5}},"41":{"start":{"line":42,"column":0},"end":{"line":42,"column":41}},"42":{"start":{"line":43,"column":0},"end":{"line":43,"column":28}},"44":{"start":{"line":45,"column":0},"end":{"line":45,"column":71}},"45":{"start":{"line":46,"column":0},"end":{"line":46,"column":33}},"47":{"start":{"line":48,"column":0},"end":{"line":48,"column":23}},"48":{"start":{"line":49,"column":0},"end":{"line":49,"column":34}},"49":{"start":{"line":50,"column":0},"end":{"line":50,"column":13}},"50":{"start":{"line":51,"column":0},"end":{"line":51,"column":5}},"52":{"start":{"line":53,"column":0},"end":{"line":53,"column":52}},"53":{"start":{"line":54,"column":0},"end":{"line":54,"column":43}},"54":{"start":{"line":55,"column":0},"end":{"line":55,"column":13}},"55":{"start":{"line":56,"column":0},"end":{"line":56,"column":5}},"57":{"start":{"line":58,"column":0},"end":{"line":58,"column":47}},"59":{"start":{"line":60,"column":0},"end":{"line":60,"column":34}},"60":{"start":{"line":61,"column":0},"end":{"line":61,"column":64}},"61":{"start":{"line":62,"column":0},"end":{"line":62,"column":63}},"62":{"start":{"line":63,"column":0},"end":{"line":63,"column":3}},"64":{"start":{"line":65,"column":0},"end":{"line":65,"column":71}},"65":{"start":{"line":66,"column":0},"end":{"line":66,"column":33}},"67":{"start":{"line":68,"column":0},"end":{"line":68,"column":40}},"68":{"start":{"line":69,"column":0},"end":{"line":69,"column":34}},"69":{"start":{"line":70,"column":0},"end":{"line":70,"column":13}},"70":{"start":{"line":71,"column":0},"end":{"line":71,"column":5}},"72":{"start":{"line":73,"column":0},"end":{"line":73,"column":74}},"73":{"start":{"line":74,"column":0},"end":{"line":74,"column":43}},"74":{"start":{"line":75,"column":0},"end":{"line":75,"column":13}},"75":{"start":{"line":76,"column":0},"end":{"line":76,"column":5}},"77":{"start":{"line":78,"column":0},"end":{"line":78,"column":61}},"79":{"start":{"line":80,"column":0},"end":{"line":80,"column":34}},"80":{"start":{"line":81,"column":0},"end":{"line":81,"column":50}},"81":{"start":{"line":82,"column":0},"end":{"line":82,"column":49}},"82":{"start":{"line":83,"column":0},"end":{"line":83,"column":3}},"84":{"start":{"line":85,"column":0},"end":{"line":85,"column":35}},"85":{"start":{"line":86,"column":0},"end":{"line":86,"column":29}},"86":{"start":{"line":87,"column":0},"end":{"line":87,"column":3}},"88":{"start":{"line":89,"column":0},"end":{"line":89,"column":34}},"89":{"start":{"line":90,"column":0},"end":{"line":90,"column":43}},"90":{"start":{"line":91,"column":0},"end":{"line":91,"column":44}},"91":{"start":{"line":92,"column":0},"end":{"line":92,"column":48}},"92":{"start":{"line":93,"column":0},"end":{"line":93,"column":48}},"93":{"start":{"line":94,"column":0},"end":{"line":94,"column":3}},"95":{"start":{"line":96,"column":0},"end":{"line":96,"column":40}},"96":{"start":{"line":97,"column":0},"end":{"line":97,"column":35}},"97":{"start":{"line":98,"column":0},"end":{"line":98,"column":36}},"98":{"start":{"line":99,"column":0},"end":{"line":99,"column":61}},"99":{"start":{"line":100,"column":0},"end":{"line":100,"column":3}},"101":{"start":{"line":102,"column":0},"end":{"line":102,"column":72}},"102":{"start":{"line":103,"column":0},"end":{"line":103,"column":45}},"103":{"start":{"line":104,"column":0},"end":{"line":104,"column":25}},"104":{"start":{"line":105,"column":0},"end":{"line":105,"column":30}},"105":{"start":{"line":106,"column":0},"end":{"line":106,"column":5}},"106":{"start":{"line":107,"column":0},"end":{"line":107,"column":3}},"108":{"start":{"line":109,"column":0},"end":{"line":109,"column":10}},"109":{"start":{"line":110,"column":0},"end":{"line":110,"column":51}},"110":{"start":{"line":111,"column":0},"end":{"line":111,"column":92}},"112":{"start":{"line":113,"column":0},"end":{"line":113,"column":20}},"113":{"start":{"line":114,"column":0},"end":{"line":114,"column":46}},"114":{"start":{"line":115,"column":0},"end":{"line":115,"column":32}},"115":{"start":{"line":116,"column":0},"end":{"line":116,"column":29}},"116":{"start":{"line":117,"column":0},"end":{"line":117,"column":31}},"117":{"start":{"line":118,"column":0},"end":{"line":118,"column":22}},"118":{"start":{"line":119,"column":0},"end":{"line":119,"column":21}},"120":{"start":{"line":121,"column":0},"end":{"line":121,"column":25}},"121":{"start":{"line":122,"column":0},"end":{"line":122,"column":17}},"122":{"start":{"line":123,"column":0},"end":{"line":123,"column":21}},"123":{"start":{"line":124,"column":0},"end":{"line":124,"column":21}},"124":{"start":{"line":125,"column":0},"end":{"line":125,"column":33}},"125":{"start":{"line":126,"column":0},"end":{"line":126,"column":39}},"126":{"start":{"line":127,"column":0},"end":{"line":127,"column":44}},"127":{"start":{"line":128,"column":0},"end":{"line":128,"column":26}},"128":{"start":{"line":129,"column":0},"end":{"line":129,"column":27}},"129":{"start":{"line":130,"column":0},"end":{"line":130,"column":26}},"130":{"start":{"line":131,"column":0},"end":{"line":131,"column":32}},"132":{"start":{"line":133,"column":0},"end":{"line":133,"column":20}},"133":{"start":{"line":134,"column":0},"end":{"line":134,"column":19}},"135":{"start":{"line":136,"column":0},"end":{"line":136,"column":22}},"137":{"start":{"line":138,"column":0},"end":{"line":138,"column":22}},"138":{"start":{"line":139,"column":0},"end":{"line":139,"column":56}},"139":{"start":{"line":140,"column":0},"end":{"line":140,"column":18}},"140":{"start":{"line":141,"column":0},"end":{"line":141,"column":71}},"141":{"start":{"line":142,"column":0},"end":{"line":142,"column":33}},"142":{"start":{"line":143,"column":0},"end":{"line":143,"column":132}},"143":{"start":{"line":144,"column":0},"end":{"line":144,"column":46}},"144":{"start":{"line":145,"column":0},"end":{"line":145,"column":34}},"145":{"start":{"line":146,"column":0},"end":{"line":146,"column":40}},"146":{"start":{"line":147,"column":0},"end":{"line":147,"column":14}},"147":{"start":{"line":148,"column":0},"end":{"line":148,"column":41}},"148":{"start":{"line":149,"column":0},"end":{"line":149,"column":18}},"149":{"start":{"line":150,"column":0},"end":{"line":150,"column":60}},"150":{"start":{"line":151,"column":0},"end":{"line":151,"column":33}},"151":{"start":{"line":152,"column":0},"end":{"line":152,"column":132}},"152":{"start":{"line":153,"column":0},"end":{"line":153,"column":46}},"153":{"start":{"line":154,"column":0},"end":{"line":154,"column":34}},"154":{"start":{"line":155,"column":0},"end":{"line":155,"column":41}},"155":{"start":{"line":156,"column":0},"end":{"line":156,"column":14}},"156":{"start":{"line":157,"column":0},"end":{"line":157,"column":16}},"158":{"start":{"line":159,"column":0},"end":{"line":159,"column":16}},"160":{"start":{"line":161,"column":0},"end":{"line":161,"column":88}},"161":{"start":{"line":162,"column":0},"end":{"line":162,"column":148}},"163":{"start":{"line":164,"column":0},"end":{"line":164,"column":17}},"165":{"start":{"line":166,"column":0},"end":{"line":166,"column":200}},"166":{"start":{"line":167,"column":0},"end":{"line":167,"column":44}},"167":{"start":{"line":168,"column":0},"end":{"line":168,"column":17}},"169":{"start":{"line":170,"column":0},"end":{"line":170,"column":134}},"171":{"start":{"line":172,"column":0},"end":{"line":172,"column":17}},"172":{"start":{"line":173,"column":0},"end":{"line":173,"column":17}},"173":{"start":{"line":174,"column":0},"end":{"line":174,"column":11}},"175":{"start":{"line":176,"column":0},"end":{"line":176,"column":2}}},"s":{"0":1,"5":1,"6":1,"7":1,"8":1,"9":1,"15":1,"16":55,"17":55,"18":55,"19":55,"20":55,"22":55,"24":55,"25":52,"27":52,"28":16,"29":68,"31":68,"32":68,"33":68,"34":16,"35":52,"36":2,"37":2,"38":2,"39":2,"41":52,"42":55,"44":55,"45":6,"47":6,"48":1,"49":1,"50":1,"52":6,"53":2,"54":2,"55":2,"57":3,"59":3,"60":3,"61":3,"62":6,"64":55,"65":7,"67":7,"68":1,"69":1,"70":1,"72":7,"73":4,"74":4,"75":4,"77":2,"79":2,"80":2,"81":2,"82":7,"84":55,"85":10,"86":10,"88":55,"89":2,"90":2,"91":2,"92":2,"93":2,"95":55,"96":1,"97":1,"98":1,"99":1,"101":55,"102":2,"103":2,"104":2,"105":2,"106":2,"108":55,"109":55,"110":55,"112":55,"113":55,"114":55,"115":55,"116":55,"117":55,"118":55,"120":55,"121":17,"122":17,"123":17,"124":17,"125":17,"126":17,"127":17,"128":17,"129":17,"130":17,"132":17,"133":17,"135":55,"137":55,"138":37,"139":37,"140":37,"141":37,"142":37,"143":37,"144":37,"145":37,"146":37,"147":37,"148":37,"149":37,"150":37,"151":37,"152":37,"153":37,"154":37,"155":37,"156":37,"158":55,"160":55,"161":55,"163":55,"165":55,"166":55,"167":55,"169":55,"171":55,"172":55,"173":55,"175":55},"branchMap":{"0":{"type":"branch","line":16,"loc":{"start":{"line":16,"column":21},"end":{"line":176,"column":2}},"locations":[{"start":{"line":16,"column":21},"end":{"line":176,"column":2}}]},"1":{"type":"branch","line":121,"loc":{"start":{"line":121,"column":11},"end":{"line":134,"column":19}},"locations":[{"start":{"line":121,"column":11},"end":{"line":134,"column":19}}]},"2":{"type":"branch","line":138,"loc":{"start":{"line":138,"column":10},"end":{"line":157,"column":16}},"locations":[{"start":{"line":138,"column":10},"end":{"line":157,"column":16}}]},"3":{"type":"branch","line":143,"loc":{"start":{"line":143,"column":50},"end":{"line":143,"column":93}},"locations":[{"start":{"line":143,"column":50},"end":{"line":143,"column":93}}]},"4":{"type":"branch","line":143,"loc":{"start":{"line":143,"column":89},"end":{"line":143,"column":132}},"locations":[{"start":{"line":143,"column":89},"end":{"line":143,"column":132}}]},"5":{"type":"branch","line":152,"loc":{"start":{"line":152,"column":50},"end":{"line":152,"column":93}},"locations":[{"start":{"line":152,"column":50},"end":{"line":152,"column":93}}]},"6":{"type":"branch","line":152,"loc":{"start":{"line":152,"column":89},"end":{"line":152,"column":132}},"locations":[{"start":{"line":152,"column":89},"end":{"line":152,"column":132}}]},"7":{"type":"branch","line":166,"loc":{"start":{"line":166,"column":157},"end":{"line":166,"column":185}},"locations":[{"start":{"line":166,"column":157},"end":{"line":166,"column":185}}]},"8":{"type":"branch","line":166,"loc":{"start":{"line":166,"column":169},"end":{"line":166,"column":200}},"locations":[{"start":{"line":166,"column":169},"end":{"line":166,"column":200}}]},"9":{"type":"branch","line":167,"loc":{"start":{"line":167,"column":11},"end":{"line":167,"column":35}},"locations":[{"start":{"line":167,"column":11},"end":{"line":167,"column":35}}]},"10":{"type":"branch","line":167,"loc":{"start":{"line":167,"column":30},"end":{"line":167,"column":44}},"locations":[{"start":{"line":167,"column":30},"end":{"line":167,"column":44}}]},"11":{"type":"branch","line":25,"loc":{"start":{"line":25,"column":12},"end":{"line":43,"column":5}},"locations":[{"start":{"line":25,"column":12},"end":{"line":43,"column":5}}]},"12":{"type":"branch","line":28,"loc":{"start":{"line":28,"column":8},"end":{"line":28,"column":35}},"locations":[{"start":{"line":28,"column":8},"end":{"line":28,"column":35}}]},"13":{"type":"branch","line":28,"loc":{"start":{"line":28,"column":35},"end":{"line":36,"column":15}},"locations":[{"start":{"line":28,"column":35},"end":{"line":36,"column":15}}]},"14":{"type":"branch","line":36,"loc":{"start":{"line":36,"column":4},"end":{"line":40,"column":5}},"locations":[{"start":{"line":36,"column":4},"end":{"line":40,"column":5}}]},"15":{"type":"branch","line":36,"loc":{"start":{"line":36,"column":31},"end":{"line":40,"column":5}},"locations":[{"start":{"line":36,"column":31},"end":{"line":40,"column":5}}]},"16":{"type":"branch","line":29,"loc":{"start":{"line":29,"column":36},"end":{"line":35,"column":9}},"locations":[{"start":{"line":29,"column":36},"end":{"line":35,"column":9}}]},"17":{"type":"branch","line":30,"loc":{"start":{"line":30,"column":20},"end":{"line":30,"column":38}},"locations":[{"start":{"line":30,"column":20},"end":{"line":30,"column":38}}]},"18":{"type":"branch","line":42,"loc":{"start":{"line":42,"column":11},"end":{"line":42,"column":41}},"locations":[{"start":{"line":42,"column":11},"end":{"line":42,"column":41}}]},"19":{"type":"branch","line":45,"loc":{"start":{"line":45,"column":32},"end":{"line":63,"column":3}},"locations":[{"start":{"line":45,"column":32},"end":{"line":63,"column":3}}]},"20":{"type":"branch","line":48,"loc":{"start":{"line":48,"column":22},"end":{"line":51,"column":5}},"locations":[{"start":{"line":48,"column":22},"end":{"line":51,"column":5}}]},"21":{"type":"branch","line":51,"loc":{"start":{"line":51,"column":4},"end":{"line":53,"column":32}},"locations":[{"start":{"line":51,"column":4},"end":{"line":53,"column":32}}]},"22":{"type":"branch","line":53,"loc":{"start":{"line":53,"column":27},"end":{"line":53,"column":51}},"locations":[{"start":{"line":53,"column":27},"end":{"line":53,"column":51}}]},"23":{"type":"branch","line":53,"loc":{"start":{"line":53,"column":51},"end":{"line":56,"column":5}},"locations":[{"start":{"line":53,"column":51},"end":{"line":56,"column":5}}]},"24":{"type":"branch","line":56,"loc":{"start":{"line":56,"column":4},"end":{"line":62,"column":63}},"locations":[{"start":{"line":56,"column":4},"end":{"line":62,"column":63}}]},"25":{"type":"branch","line":54,"loc":{"start":{"line":54,"column":29},"end":{"line":54,"column":41}},"locations":[{"start":{"line":54,"column":29},"end":{"line":54,"column":41}}]},"26":{"type":"branch","line":65,"loc":{"start":{"line":65,"column":32},"end":{"line":83,"column":3}},"locations":[{"start":{"line":65,"column":32},"end":{"line":83,"column":3}}]},"27":{"type":"branch","line":68,"loc":{"start":{"line":68,"column":18},"end":{"line":68,"column":39}},"locations":[{"start":{"line":68,"column":18},"end":{"line":68,"column":39}}]},"28":{"type":"branch","line":68,"loc":{"start":{"line":68,"column":39},"end":{"line":71,"column":5}},"locations":[{"start":{"line":68,"column":39},"end":{"line":71,"column":5}}]},"29":{"type":"branch","line":71,"loc":{"start":{"line":71,"column":4},"end":{"line":73,"column":32}},"locations":[{"start":{"line":71,"column":4},"end":{"line":73,"column":32}}]},"30":{"type":"branch","line":73,"loc":{"start":{"line":73,"column":27},"end":{"line":73,"column":54}},"locations":[{"start":{"line":73,"column":27},"end":{"line":73,"column":54}}]},"31":{"type":"branch","line":73,"loc":{"start":{"line":73,"column":48},"end":{"line":73,"column":73}},"locations":[{"start":{"line":73,"column":48},"end":{"line":73,"column":73}}]},"32":{"type":"branch","line":73,"loc":{"start":{"line":73,"column":73},"end":{"line":76,"column":5}},"locations":[{"start":{"line":73,"column":73},"end":{"line":76,"column":5}}]},"33":{"type":"branch","line":76,"loc":{"start":{"line":76,"column":4},"end":{"line":82,"column":49}},"locations":[{"start":{"line":76,"column":4},"end":{"line":82,"column":49}}]},"34":{"type":"branch","line":74,"loc":{"start":{"line":74,"column":29},"end":{"line":74,"column":41}},"locations":[{"start":{"line":74,"column":29},"end":{"line":74,"column":41}}]},"35":{"type":"branch","line":85,"loc":{"start":{"line":85,"column":28},"end":{"line":87,"column":3}},"locations":[{"start":{"line":85,"column":28},"end":{"line":87,"column":3}}]},"36":{"type":"branch","line":89,"loc":{"start":{"line":89,"column":27},"end":{"line":94,"column":3}},"locations":[{"start":{"line":89,"column":27},"end":{"line":94,"column":3}}]},"37":{"type":"branch","line":96,"loc":{"start":{"line":96,"column":33},"end":{"line":100,"column":3}},"locations":[{"start":{"line":96,"column":33},"end":{"line":100,"column":3}}]},"38":{"type":"branch","line":97,"loc":{"start":{"line":97,"column":16},"end":{"line":97,"column":33}},"locations":[{"start":{"line":97,"column":16},"end":{"line":97,"column":33}}]},"39":{"type":"branch","line":98,"loc":{"start":{"line":98,"column":17},"end":{"line":98,"column":34}},"locations":[{"start":{"line":98,"column":17},"end":{"line":98,"column":34}}]},"40":{"type":"branch","line":99,"loc":{"start":{"line":99,"column":27},"end":{"line":99,"column":59}},"locations":[{"start":{"line":99,"column":27},"end":{"line":99,"column":59}}]},"41":{"type":"branch","line":102,"loc":{"start":{"line":102,"column":24},"end":{"line":107,"column":3}},"locations":[{"start":{"line":102,"column":24},"end":{"line":107,"column":3}}]},"42":{"type":"branch","line":103,"loc":{"start":{"line":103,"column":18},"end":{"line":103,"column":44}},"locations":[{"start":{"line":103,"column":18},"end":{"line":103,"column":44}}]}},"b":{"0":[55],"1":[17],"2":[37],"3":[36],"4":[1],"5":[34],"6":[3],"7":[17],"8":[37],"9":[17],"10":[37],"11":[52],"12":[17],"13":[16],"14":[36],"15":[2],"16":[68],"17":[68],"18":[52],"19":[6],"20":[1],"21":[5],"22":[4],"23":[2],"24":[3],"25":[2],"26":[7],"27":[6],"28":[1],"29":[6],"30":[5],"31":[3],"32":[4],"33":[2],"34":[4],"35":[10],"36":[2],"37":[1],"38":[1],"39":[1],"40":[1],"41":[2],"42":[1]},"fnMap":{"0":{"name":"Timer","decl":{"start":{"line":16,"column":21},"end":{"line":176,"column":2}},"loc":{"start":{"line":16,"column":21},"end":{"line":176,"column":2}},"line":16},"1":{"name":"handleInputMinuteTime","decl":{"start":{"line":45,"column":32},"end":{"line":63,"column":3}},"loc":{"start":{"line":45,"column":32},"end":{"line":63,"column":3}},"line":45},"2":{"name":"handleInputSecondTime","decl":{"start":{"line":65,"column":32},"end":{"line":83,"column":3}},"loc":{"start":{"line":65,"column":32},"end":{"line":83,"column":3}},"line":65},"3":{"name":"handleTimerRunner","decl":{"start":{"line":85,"column":28},"end":{"line":87,"column":3}},"loc":{"start":{"line":85,"column":28},"end":{"line":87,"column":3}},"line":85},"4":{"name":"handleResetTimer","decl":{"start":{"line":89,"column":27},"end":{"line":94,"column":3}},"loc":{"start":{"line":89,"column":27},"end":{"line":94,"column":3}},"line":89},"5":{"name":"handleAddMinuteToTimer","decl":{"start":{"line":96,"column":33},"end":{"line":100,"column":3}},"loc":{"start":{"line":96,"column":33},"end":{"line":100,"column":3}},"line":96},"6":{"name":"handleKeyDown","decl":{"start":{"line":102,"column":24},"end":{"line":107,"column":3}},"loc":{"start":{"line":102,"column":24},"end":{"line":107,"column":3}},"line":102}},"f":{"0":55,"1":6,"2":7,"3":10,"4":2,"5":1,"6":2}}
,"/project/workspace/src/components/Timer/TimerCircle.tsx": {"path":"/project/workspace/src/components/Timer/TimerCircle.tsx","all":false,"statementMap":{"0":{"start":{"line":1,"column":0},"end":{"line":1,"column":42}},"11":{"start":{"line":12,"column":0},"end":{"line":12,"column":76}},"12":{"start":{"line":13,"column":0},"end":{"line":13,"column":89}},"15":{"start":{"line":16,"column":0},"end":{"line":16,"column":51}},"17":{"start":{"line":18,"column":0},"end":{"line":18,"column":59}},"20":{"start":{"line":21,"column":0},"end":{"line":21,"column":73}},"21":{"start":{"line":22,"column":0},"end":{"line":22,"column":73}},"23":{"start":{"line":24,"column":0},"end":{"line":24,"column":11}},"24":{"start":{"line":25,"column":0},"end":{"line":25,"column":119}},"25":{"start":{"line":26,"column":0},"end":{"line":26,"column":16}},"26":{"start":{"line":27,"column":0},"end":{"line":27,"column":38}},"27":{"start":{"line":28,"column":0},"end":{"line":28,"column":27}},"28":{"start":{"line":29,"column":0},"end":{"line":29,"column":33}},"29":{"start":{"line":30,"column":0},"end":{"line":30,"column":30}},"30":{"start":{"line":31,"column":0},"end":{"line":31,"column":22}},"31":{"start":{"line":32,"column":0},"end":{"line":32,"column":22}},"32":{"start":{"line":33,"column":0},"end":{"line":33,"column":23}},"33":{"start":{"line":34,"column":0},"end":{"line":34,"column":11}},"34":{"start":{"line":35,"column":0},"end":{"line":35,"column":16}},"35":{"start":{"line":36,"column":0},"end":{"line":36,"column":62}},"36":{"start":{"line":37,"column":0},"end":{"line":37,"column":27}},"37":{"start":{"line":38,"column":0},"end":{"line":38,"column":43}},"38":{"start":{"line":39,"column":0},"end":{"line":39,"column":81}},"39":{"start":{"line":40,"column":0},"end":{"line":40,"column":33}},"40":{"start":{"line":41,"column":0},"end":{"line":41,"column":33}},"41":{"start":{"line":42,"column":0},"end":{"line":42,"column":30}},"42":{"start":{"line":43,"column":0},"end":{"line":43,"column":22}},"43":{"start":{"line":44,"column":0},"end":{"line":44,"column":22}},"44":{"start":{"line":45,"column":0},"end":{"line":45,"column":23}},"45":{"start":{"line":46,"column":0},"end":{"line":46,"column":11}},"46":{"start":{"line":47,"column":0},"end":{"line":47,"column":16}},"47":{"start":{"line":48,"column":0},"end":{"line":48,"column":62}},"48":{"start":{"line":49,"column":0},"end":{"line":49,"column":18}},"49":{"start":{"line":50,"column":0},"end":{"line":50,"column":24}},"50":{"start":{"line":51,"column":0},"end":{"line":51,"column":24}},"51":{"start":{"line":52,"column":0},"end":{"line":52,"column":31}},"52":{"start":{"line":53,"column":0},"end":{"line":53,"column":42}},"53":{"start":{"line":54,"column":0},"end":{"line":54,"column":11}},"54":{"start":{"line":55,"column":0},"end":{"line":55,"column":19}},"55":{"start":{"line":56,"column":0},"end":{"line":56,"column":12}},"57":{"start":{"line":58,"column":0},"end":{"line":58,"column":1}}},"s":{"0":1,"11":1,"12":56,"15":56,"17":56,"20":56,"21":56,"23":56,"24":56,"25":56,"26":56,"27":56,"28":56,"29":56,"30":56,"31":56,"32":56,"33":56,"34":56,"35":56,"36":56,"37":56,"38":56,"39":56,"40":56,"41":56,"42":56,"43":56,"44":56,"45":56,"46":56,"47":56,"48":56,"49":56,"50":56,"51":56,"52":56,"53":56,"54":56,"55":56,"57":56},"branchMap":{"0":{"type":"branch","line":12,"loc":{"start":{"line":12,"column":27},"end":{"line":58,"column":1}},"locations":[{"start":{"line":12,"column":27},"end":{"line":58,"column":1}}]}},"b":{"0":[56]},"fnMap":{"0":{"name":"TimerCircle","decl":{"start":{"line":12,"column":27},"end":{"line":58,"column":1}},"loc":{"start":{"line":12,"column":27},"end":{"line":58,"column":1}},"line":12}},"f":{"0":56}}
,"/project/workspace/src/utils/getFormattedTime.ts": {"path":"/project/workspace/src/utils/getFormattedTime.ts","all":false,"statementMap":{"0":{"start":{"line":1,"column":0},"end":{"line":1,"column":54}},"1":{"start":{"line":2,"column":0},"end":{"line":2,"column":40}},"2":{"start":{"line":3,"column":0},"end":{"line":3,"column":28}},"3":{"start":{"line":4,"column":0},"end":{"line":4,"column":58}},"4":{"start":{"line":5,"column":0},"end":{"line":5,"column":15}},"5":{"start":{"line":6,"column":0},"end":{"line":6,"column":23}},"7":{"start":{"line":8,"column":0},"end":{"line":8,"column":30}},"8":{"start":{"line":9,"column":0},"end":{"line":9,"column":2}}},"s":{"0":1,"1":128,"2":128,"3":128,"4":128,"5":128,"7":128,"8":128},"branchMap":{"0":{"type":"branch","line":1,"loc":{"start":{"line":1,"column":32},"end":{"line":9,"column":2}},"locations":[{"start":{"line":1,"column":32},"end":{"line":9,"column":2}}]}},"b":{"0":[128]},"fnMap":{"0":{"name":"getFormattedTime","decl":{"start":{"line":1,"column":32},"end":{"line":9,"column":2}},"loc":{"start":{"line":1,"column":32},"end":{"line":9,"column":2}},"line":1}},"f":{"0":128}}
}
